mode: atomic
github.com/tacheshun/waffle/examples/http/main.go:12.13,23.80 4 0
github.com/tacheshun/waffle/examples/http/main.go:23.80,25.3 1 0
github.com/tacheshun/waffle/examples/http/main.go:28.2,32.46 3 0
github.com/tacheshun/waffle/internal/version/version.go:18.25,26.2 1 0
github.com/tacheshun/waffle/internal/version/version.go:29.26,31.2 1 0
github.com/tacheshun/waffle/internal/version/version.go:34.25,36.2 1 0
github.com/tacheshun/waffle/internal/version/version.go:39.23,41.2 1 0
github.com/tacheshun/waffle/cmd/waffle/main.go:16.13,25.18 6 0
github.com/tacheshun/waffle/cmd/waffle/main.go:25.18,28.3 2 0
github.com/tacheshun/waffle/cmd/waffle/main.go:31.2,31.23 1 0
github.com/tacheshun/waffle/cmd/waffle/main.go:31.23,35.3 3 0
github.com/tacheshun/waffle/cmd/waffle/main.go:38.2,39.16 2 0
github.com/tacheshun/waffle/cmd/waffle/main.go:39.16,41.3 1 0
github.com/tacheshun/waffle/cmd/waffle/main.go:44.2,48.23 3 0
github.com/tacheshun/waffle/cmd/waffle/main.go:48.23,52.3 2 0
github.com/tacheshun/waffle/cmd/waffle/main.go:52.8,55.3 1 0
github.com/tacheshun/waffle/cmd/waffle/main.go:58.2,66.16 5 0
github.com/tacheshun/waffle/cmd/waffle/main.go:66.16,68.3 1 0
github.com/tacheshun/waffle/pkg/detectors/cmdi.go:16.62,22.2 2 8
github.com/tacheshun/waffle/pkg/detectors/cmdi.go:25.80,26.16 1 7
github.com/tacheshun/waffle/pkg/detectors/cmdi.go:26.16,28.3 1 1
github.com/tacheshun/waffle/pkg/detectors/cmdi.go:31.2,31.38 1 6
github.com/tacheshun/waffle/pkg/detectors/cmdi.go:31.38,34.3 1 0
github.com/tacheshun/waffle/pkg/detectors/cmdi.go:37.2,37.31 1 6
github.com/tacheshun/waffle/pkg/detectors/cmdi.go:37.31,42.3 1 0
github.com/tacheshun/waffle/pkg/detectors/cmdi.go:45.2,45.41 1 6
github.com/tacheshun/waffle/pkg/detectors/cmdi.go:45.41,46.32 1 3
github.com/tacheshun/waffle/pkg/detectors/cmdi.go:46.32,47.28 1 3
github.com/tacheshun/waffle/pkg/detectors/cmdi.go:47.28,52.5 1 2
github.com/tacheshun/waffle/pkg/detectors/cmdi.go:57.2,57.34 1 4
github.com/tacheshun/waffle/pkg/detectors/cmdi.go:57.34,58.32 1 3
github.com/tacheshun/waffle/pkg/detectors/cmdi.go:58.32,59.28 1 3
github.com/tacheshun/waffle/pkg/detectors/cmdi.go:59.28,64.5 1 1
github.com/tacheshun/waffle/pkg/detectors/cmdi.go:69.2,76.40 2 3
github.com/tacheshun/waffle/pkg/detectors/cmdi.go:76.40,78.42 2 12
github.com/tacheshun/waffle/pkg/detectors/cmdi.go:78.42,83.4 1 0
github.com/tacheshun/waffle/pkg/detectors/cmdi.go:86.2,86.19 1 3
github.com/tacheshun/waffle/pkg/detectors/cmdi.go:90.53,92.2 1 3
github.com/tacheshun/waffle/pkg/detectors/cmdi.go:95.45,97.2 1 1
github.com/tacheshun/waffle/pkg/detectors/cmdi.go:100.46,102.2 1 2
github.com/tacheshun/waffle/pkg/detectors/cmdi.go:105.63,110.37 2 12
github.com/tacheshun/waffle/pkg/detectors/cmdi.go:110.37,111.29 1 336
github.com/tacheshun/waffle/pkg/detectors/cmdi.go:111.29,113.4 1 3
github.com/tacheshun/waffle/pkg/detectors/cmdi.go:116.2,116.14 1 9
github.com/tacheshun/waffle/pkg/detectors/cmdi.go:120.57,162.35 3 8
github.com/tacheshun/waffle/pkg/detectors/cmdi.go:162.35,164.17 2 296
github.com/tacheshun/waffle/pkg/detectors/cmdi.go:164.17,166.4 1 296
github.com/tacheshun/waffle/pkg/detectors/cmdi.go:169.2,169.17 1 8
github.com/tacheshun/waffle/pkg/detectors/sqli.go:16.38,22.2 2 20
github.com/tacheshun/waffle/pkg/detectors/sqli.go:25.68,26.16 1 19
github.com/tacheshun/waffle/pkg/detectors/sqli.go:26.16,28.3 1 1
github.com/tacheshun/waffle/pkg/detectors/sqli.go:31.2,31.38 1 18
github.com/tacheshun/waffle/pkg/detectors/sqli.go:31.38,34.3 1 0
github.com/tacheshun/waffle/pkg/detectors/sqli.go:37.2,37.31 1 18
github.com/tacheshun/waffle/pkg/detectors/sqli.go:37.31,42.3 1 0
github.com/tacheshun/waffle/pkg/detectors/sqli.go:45.2,45.41 1 18
github.com/tacheshun/waffle/pkg/detectors/sqli.go:45.41,46.32 1 7
github.com/tacheshun/waffle/pkg/detectors/sqli.go:46.32,47.28 1 7
github.com/tacheshun/waffle/pkg/detectors/sqli.go:47.28,52.5 1 5
github.com/tacheshun/waffle/pkg/detectors/sqli.go:57.2,57.34 1 13
github.com/tacheshun/waffle/pkg/detectors/sqli.go:57.34,58.32 1 7
github.com/tacheshun/waffle/pkg/detectors/sqli.go:58.32,59.28 1 7
github.com/tacheshun/waffle/pkg/detectors/sqli.go:59.28,64.5 1 2
github.com/tacheshun/waffle/pkg/detectors/sqli.go:69.2,69.37 1 11
github.com/tacheshun/waffle/pkg/detectors/sqli.go:69.37,70.34 1 2
github.com/tacheshun/waffle/pkg/detectors/sqli.go:70.34,75.4 1 1
github.com/tacheshun/waffle/pkg/detectors/sqli.go:79.2,80.40 2 10
github.com/tacheshun/waffle/pkg/detectors/sqli.go:80.40,81.49 1 27
github.com/tacheshun/waffle/pkg/detectors/sqli.go:81.49,82.28 1 5
github.com/tacheshun/waffle/pkg/detectors/sqli.go:82.28,87.5 1 3
github.com/tacheshun/waffle/pkg/detectors/sqli.go:91.2,91.19 1 7
github.com/tacheshun/waffle/pkg/detectors/sqli.go:95.41,97.2 1 3
github.com/tacheshun/waffle/pkg/detectors/sqli.go:100.33,102.2 1 1
github.com/tacheshun/waffle/pkg/detectors/sqli.go:105.34,107.2 1 2
github.com/tacheshun/waffle/pkg/detectors/sqli.go:110.51,115.37 2 39
github.com/tacheshun/waffle/pkg/detectors/sqli.go:115.37,116.29 1 319
github.com/tacheshun/waffle/pkg/detectors/sqli.go:116.29,118.4 1 11
github.com/tacheshun/waffle/pkg/detectors/sqli.go:121.2,121.14 1 28
github.com/tacheshun/waffle/pkg/detectors/sqli.go:125.45,142.35 3 20
github.com/tacheshun/waffle/pkg/detectors/sqli.go:142.35,144.17 2 220
github.com/tacheshun/waffle/pkg/detectors/sqli.go:144.17,146.4 1 220
github.com/tacheshun/waffle/pkg/detectors/sqli.go:149.2,149.17 1 20
github.com/tacheshun/waffle/pkg/detectors/traversal.go:18.56,24.2 2 13
github.com/tacheshun/waffle/pkg/detectors/traversal.go:27.77,28.16 1 12
github.com/tacheshun/waffle/pkg/detectors/traversal.go:28.16,30.3 1 1
github.com/tacheshun/waffle/pkg/detectors/traversal.go:33.2,33.31 1 11
github.com/tacheshun/waffle/pkg/detectors/traversal.go:33.31,38.3 1 5
github.com/tacheshun/waffle/pkg/detectors/traversal.go:41.2,41.38 1 6
github.com/tacheshun/waffle/pkg/detectors/traversal.go:41.38,44.3 1 0
github.com/tacheshun/waffle/pkg/detectors/traversal.go:47.2,47.41 1 6
github.com/tacheshun/waffle/pkg/detectors/traversal.go:47.41,48.32 1 2
github.com/tacheshun/waffle/pkg/detectors/traversal.go:48.32,49.28 1 2
github.com/tacheshun/waffle/pkg/detectors/traversal.go:49.28,54.5 1 1
github.com/tacheshun/waffle/pkg/detectors/traversal.go:59.2,59.34 1 5
github.com/tacheshun/waffle/pkg/detectors/traversal.go:59.34,60.32 1 1
github.com/tacheshun/waffle/pkg/detectors/traversal.go:60.32,61.28 1 1
github.com/tacheshun/waffle/pkg/detectors/traversal.go:61.28,66.5 1 0
github.com/tacheshun/waffle/pkg/detectors/traversal.go:71.2,77.40 2 5
github.com/tacheshun/waffle/pkg/detectors/traversal.go:77.40,79.42 2 15
github.com/tacheshun/waffle/pkg/detectors/traversal.go:79.42,84.4 1 0
github.com/tacheshun/waffle/pkg/detectors/traversal.go:87.2,87.19 1 5
github.com/tacheshun/waffle/pkg/detectors/traversal.go:91.50,93.2 1 3
github.com/tacheshun/waffle/pkg/detectors/traversal.go:96.42,98.2 1 1
github.com/tacheshun/waffle/pkg/detectors/traversal.go:101.43,103.2 1 2
github.com/tacheshun/waffle/pkg/detectors/traversal.go:106.60,112.37 2 14
github.com/tacheshun/waffle/pkg/detectors/traversal.go:112.37,113.39 1 250
github.com/tacheshun/waffle/pkg/detectors/traversal.go:113.39,115.4 1 6
github.com/tacheshun/waffle/pkg/detectors/traversal.go:118.2,118.14 1 8
github.com/tacheshun/waffle/pkg/detectors/traversal.go:122.54,170.35 3 13
github.com/tacheshun/waffle/pkg/detectors/traversal.go:170.35,172.17 2 390
github.com/tacheshun/waffle/pkg/detectors/traversal.go:172.17,174.4 1 390
github.com/tacheshun/waffle/pkg/detectors/traversal.go:177.2,177.17 1 13
github.com/tacheshun/waffle/pkg/detectors/traversal.go:181.85,183.38 1 0
github.com/tacheshun/waffle/pkg/detectors/traversal.go:183.38,186.3 1 0
github.com/tacheshun/waffle/pkg/detectors/traversal.go:189.2,189.44 1 0
github.com/tacheshun/waffle/pkg/detectors/traversal.go:189.44,194.3 1 0
github.com/tacheshun/waffle/pkg/detectors/traversal.go:196.2,196.19 1 0
github.com/tacheshun/waffle/pkg/detectors/useragent.go:16.48,22.2 2 8
github.com/tacheshun/waffle/pkg/detectors/useragent.go:25.73,26.16 1 7
github.com/tacheshun/waffle/pkg/detectors/useragent.go:26.16,28.3 1 1
github.com/tacheshun/waffle/pkg/detectors/useragent.go:31.2,32.21 2 6
github.com/tacheshun/waffle/pkg/detectors/useragent.go:32.21,33.31 1 4
github.com/tacheshun/waffle/pkg/detectors/useragent.go:33.31,38.4 1 3
github.com/tacheshun/waffle/pkg/detectors/useragent.go:41.2,41.19 1 3
github.com/tacheshun/waffle/pkg/detectors/useragent.go:45.46,47.2 1 3
github.com/tacheshun/waffle/pkg/detectors/useragent.go:50.38,52.2 1 1
github.com/tacheshun/waffle/pkg/detectors/useragent.go:55.39,57.2 1 2
github.com/tacheshun/waffle/pkg/detectors/useragent.go:60.56,65.37 2 4
github.com/tacheshun/waffle/pkg/detectors/useragent.go:65.37,66.29 1 20
github.com/tacheshun/waffle/pkg/detectors/useragent.go:66.29,68.4 1 3
github.com/tacheshun/waffle/pkg/detectors/useragent.go:71.2,71.14 1 1
github.com/tacheshun/waffle/pkg/detectors/useragent.go:75.50,108.35 3 8
github.com/tacheshun/waffle/pkg/detectors/useragent.go:108.35,110.17 2 88
github.com/tacheshun/waffle/pkg/detectors/useragent.go:110.17,112.4 1 88
github.com/tacheshun/waffle/pkg/detectors/useragent.go:115.2,115.17 1 8
github.com/tacheshun/waffle/pkg/detectors/xss.go:16.36,22.2 2 14
github.com/tacheshun/waffle/pkg/detectors/xss.go:25.67,26.16 1 13
github.com/tacheshun/waffle/pkg/detectors/xss.go:26.16,28.3 1 1
github.com/tacheshun/waffle/pkg/detectors/xss.go:31.2,31.38 1 12
github.com/tacheshun/waffle/pkg/detectors/xss.go:31.38,34.3 1 0
github.com/tacheshun/waffle/pkg/detectors/xss.go:37.2,37.31 1 12
github.com/tacheshun/waffle/pkg/detectors/xss.go:37.31,42.3 1 0
github.com/tacheshun/waffle/pkg/detectors/xss.go:45.2,45.41 1 12
github.com/tacheshun/waffle/pkg/detectors/xss.go:45.41,46.32 1 7
github.com/tacheshun/waffle/pkg/detectors/xss.go:46.32,47.28 1 7
github.com/tacheshun/waffle/pkg/detectors/xss.go:47.28,52.5 1 5
github.com/tacheshun/waffle/pkg/detectors/xss.go:57.2,57.34 1 7
github.com/tacheshun/waffle/pkg/detectors/xss.go:57.34,58.32 1 6
github.com/tacheshun/waffle/pkg/detectors/xss.go:58.32,59.28 1 6
github.com/tacheshun/waffle/pkg/detectors/xss.go:59.28,64.5 1 2
github.com/tacheshun/waffle/pkg/detectors/xss.go:69.2,76.40 2 5
github.com/tacheshun/waffle/pkg/detectors/xss.go:76.40,78.42 2 20
github.com/tacheshun/waffle/pkg/detectors/xss.go:78.42,83.4 1 0
github.com/tacheshun/waffle/pkg/detectors/xss.go:86.2,86.19 1 5
github.com/tacheshun/waffle/pkg/detectors/xss.go:90.40,92.2 1 3
github.com/tacheshun/waffle/pkg/detectors/xss.go:95.32,97.2 1 1
github.com/tacheshun/waffle/pkg/detectors/xss.go:100.33,102.2 1 2
github.com/tacheshun/waffle/pkg/detectors/xss.go:105.50,110.37 2 25
github.com/tacheshun/waffle/pkg/detectors/xss.go:110.37,111.29 1 835
github.com/tacheshun/waffle/pkg/detectors/xss.go:111.29,113.4 1 7
github.com/tacheshun/waffle/pkg/detectors/xss.go:116.2,116.14 1 18
github.com/tacheshun/waffle/pkg/detectors/xss.go:120.44,169.35 3 14
github.com/tacheshun/waffle/pkg/detectors/xss.go:169.35,171.17 2 616
github.com/tacheshun/waffle/pkg/detectors/xss.go:171.17,173.4 1 616
github.com/tacheshun/waffle/pkg/detectors/xss.go:176.2,176.17 1 14
github.com/tacheshun/waffle/pkg/rules/default_rules.go:10.32,29.2 7 0
github.com/tacheshun/waffle/pkg/rules/default_rules.go:32.25,48.35 3 0
github.com/tacheshun/waffle/pkg/rules/default_rules.go:48.35,50.17 2 0
github.com/tacheshun/waffle/pkg/rules/default_rules.go:50.17,52.4 1 0
github.com/tacheshun/waffle/pkg/rules/default_rules.go:55.2,55.77 1 0
github.com/tacheshun/waffle/pkg/rules/default_rules.go:55.77,57.39 1 0
github.com/tacheshun/waffle/pkg/rules/default_rules.go:57.39,61.4 1 0
github.com/tacheshun/waffle/pkg/rules/default_rules.go:64.3,64.42 1 0
github.com/tacheshun/waffle/pkg/rules/default_rules.go:64.42,69.4 1 0
github.com/tacheshun/waffle/pkg/rules/default_rules.go:72.3,72.42 1 0
github.com/tacheshun/waffle/pkg/rules/default_rules.go:72.42,73.33 1 0
github.com/tacheshun/waffle/pkg/rules/default_rules.go:73.33,74.39 1 0
github.com/tacheshun/waffle/pkg/rules/default_rules.go:74.39,79.6 1 0
github.com/tacheshun/waffle/pkg/rules/default_rules.go:84.3,84.35 1 0
github.com/tacheshun/waffle/pkg/rules/default_rules.go:84.35,85.33 1 0
github.com/tacheshun/waffle/pkg/rules/default_rules.go:85.33,86.39 1 0
github.com/tacheshun/waffle/pkg/rules/default_rules.go:86.39,91.6 1 0
github.com/tacheshun/waffle/pkg/rules/default_rules.go:95.3,95.20 1 0
github.com/tacheshun/waffle/pkg/rules/default_rules.go:100.24,116.35 3 0
github.com/tacheshun/waffle/pkg/rules/default_rules.go:116.35,118.17 2 0
github.com/tacheshun/waffle/pkg/rules/default_rules.go:118.17,120.4 1 0
github.com/tacheshun/waffle/pkg/rules/default_rules.go:123.2,123.67 1 0
github.com/tacheshun/waffle/pkg/rules/default_rules.go:123.67,125.39 1 0
github.com/tacheshun/waffle/pkg/rules/default_rules.go:125.39,129.4 1 0
github.com/tacheshun/waffle/pkg/rules/default_rules.go:132.3,132.42 1 0
github.com/tacheshun/waffle/pkg/rules/default_rules.go:132.42,133.33 1 0
github.com/tacheshun/waffle/pkg/rules/default_rules.go:133.33,134.39 1 0
github.com/tacheshun/waffle/pkg/rules/default_rules.go:134.39,139.6 1 0
github.com/tacheshun/waffle/pkg/rules/default_rules.go:144.3,144.35 1 0
github.com/tacheshun/waffle/pkg/rules/default_rules.go:144.35,145.33 1 0
github.com/tacheshun/waffle/pkg/rules/default_rules.go:145.33,146.39 1 0
github.com/tacheshun/waffle/pkg/rules/default_rules.go:146.39,151.6 1 0
github.com/tacheshun/waffle/pkg/rules/default_rules.go:155.3,155.20 1 0
github.com/tacheshun/waffle/pkg/rules/default_rules.go:160.37,167.35 3 0
github.com/tacheshun/waffle/pkg/rules/default_rules.go:167.35,169.17 2 0
github.com/tacheshun/waffle/pkg/rules/default_rules.go:169.17,171.4 1 0
github.com/tacheshun/waffle/pkg/rules/default_rules.go:174.2,174.81 1 0
github.com/tacheshun/waffle/pkg/rules/default_rules.go:174.81,176.39 1 0
github.com/tacheshun/waffle/pkg/rules/default_rules.go:176.39,180.4 1 0
github.com/tacheshun/waffle/pkg/rules/default_rules.go:183.3,183.42 1 0
github.com/tacheshun/waffle/pkg/rules/default_rules.go:183.42,184.33 1 0
github.com/tacheshun/waffle/pkg/rules/default_rules.go:184.33,185.39 1 0
github.com/tacheshun/waffle/pkg/rules/default_rules.go:185.39,190.6 1 0
github.com/tacheshun/waffle/pkg/rules/default_rules.go:195.3,195.35 1 0
github.com/tacheshun/waffle/pkg/rules/default_rules.go:195.35,196.33 1 0
github.com/tacheshun/waffle/pkg/rules/default_rules.go:196.33,197.39 1 0
github.com/tacheshun/waffle/pkg/rules/default_rules.go:197.39,202.6 1 0
github.com/tacheshun/waffle/pkg/rules/default_rules.go:206.3,206.20 1 0
github.com/tacheshun/waffle/pkg/rules/default_rules.go:211.34,232.35 3 0
github.com/tacheshun/waffle/pkg/rules/default_rules.go:232.35,234.17 2 0
github.com/tacheshun/waffle/pkg/rules/default_rules.go:234.17,236.4 1 0
github.com/tacheshun/waffle/pkg/rules/default_rules.go:239.2,239.78 1 0
github.com/tacheshun/waffle/pkg/rules/default_rules.go:239.78,241.42 1 0
github.com/tacheshun/waffle/pkg/rules/default_rules.go:241.42,246.4 1 0
github.com/tacheshun/waffle/pkg/rules/default_rules.go:249.3,249.42 1 0
github.com/tacheshun/waffle/pkg/rules/default_rules.go:249.42,250.33 1 0
github.com/tacheshun/waffle/pkg/rules/default_rules.go:250.33,251.39 1 0
github.com/tacheshun/waffle/pkg/rules/default_rules.go:251.39,256.6 1 0
github.com/tacheshun/waffle/pkg/rules/default_rules.go:260.3,260.20 1 0
github.com/tacheshun/waffle/pkg/rules/default_rules.go:265.30,272.35 3 0
github.com/tacheshun/waffle/pkg/rules/default_rules.go:272.35,274.17 2 0
github.com/tacheshun/waffle/pkg/rules/default_rules.go:274.17,276.4 1 0
github.com/tacheshun/waffle/pkg/rules/default_rules.go:279.2,279.74 1 0
github.com/tacheshun/waffle/pkg/rules/default_rules.go:279.74,282.22 2 0
github.com/tacheshun/waffle/pkg/rules/default_rules.go:282.22,283.42 1 0
github.com/tacheshun/waffle/pkg/rules/default_rules.go:283.42,288.5 1 0
github.com/tacheshun/waffle/pkg/rules/default_rules.go:291.3,291.20 1 0
github.com/tacheshun/waffle/pkg/rules/default_rules.go:296.62,301.35 2 0
github.com/tacheshun/waffle/pkg/rules/default_rules.go:301.35,302.29 1 0
github.com/tacheshun/waffle/pkg/rules/default_rules.go:302.29,304.4 1 0
github.com/tacheshun/waffle/pkg/rules/default_rules.go:307.2,307.14 1 0
github.com/tacheshun/waffle/pkg/rules/default_rules.go:311.28,332.2 12 1
github.com/tacheshun/waffle/pkg/rules/default_rules.go:335.33,358.2 2 2
github.com/tacheshun/waffle/pkg/rules/default_rules.go:361.24,384.2 2 2
github.com/tacheshun/waffle/pkg/rules/default_rules.go:387.34,402.2 2 2
github.com/tacheshun/waffle/pkg/rules/ip_rule.go:20.55,29.36 2 5
github.com/tacheshun/waffle/pkg/rules/ip_rule.go:29.36,31.17 2 2
github.com/tacheshun/waffle/pkg/rules/ip_rule.go:31.17,34.4 2 2
github.com/tacheshun/waffle/pkg/rules/ip_rule.go:38.2,39.15 2 3
github.com/tacheshun/waffle/pkg/rules/ip_rule.go:39.15,41.3 1 3
github.com/tacheshun/waffle/pkg/rules/ip_rule.go:43.2,43.10 1 3
github.com/tacheshun/waffle/pkg/rules/ip_rule.go:47.64,48.16 1 5
github.com/tacheshun/waffle/pkg/rules/ip_rule.go:48.16,50.3 1 1
github.com/tacheshun/waffle/pkg/rules/ip_rule.go:53.2,54.21 2 4
github.com/tacheshun/waffle/pkg/rules/ip_rule.go:54.21,56.3 1 0
github.com/tacheshun/waffle/pkg/rules/ip_rule.go:59.2,59.20 1 4
github.com/tacheshun/waffle/pkg/rules/ip_rule.go:59.20,61.33 1 2
github.com/tacheshun/waffle/pkg/rules/ip_rule.go:61.33,66.4 1 1
github.com/tacheshun/waffle/pkg/rules/ip_rule.go:67.8,67.30 1 2
github.com/tacheshun/waffle/pkg/rules/ip_rule.go:67.30,69.33 1 2
github.com/tacheshun/waffle/pkg/rules/ip_rule.go:69.33,74.4 1 1
github.com/tacheshun/waffle/pkg/rules/ip_rule.go:77.2,77.19 1 2
github.com/tacheshun/waffle/pkg/rules/ip_rule.go:81.32,83.2 1 0
github.com/tacheshun/waffle/pkg/rules/ip_rule.go:86.43,88.2 1 5
github.com/tacheshun/waffle/pkg/rules/ip_rule.go:91.35,93.2 1 0
github.com/tacheshun/waffle/pkg/rules/ip_rule.go:96.46,99.24 2 4
github.com/tacheshun/waffle/pkg/rules/ip_rule.go:99.24,103.16 3 0
github.com/tacheshun/waffle/pkg/rules/ip_rule.go:103.16,105.4 1 0
github.com/tacheshun/waffle/pkg/rules/ip_rule.go:109.2,109.24 1 4
github.com/tacheshun/waffle/pkg/rules/ip_rule.go:109.24,112.17 2 4
github.com/tacheshun/waffle/pkg/rules/ip_rule.go:112.17,114.17 2 4
github.com/tacheshun/waffle/pkg/rules/ip_rule.go:114.17,116.5 1 4
github.com/tacheshun/waffle/pkg/rules/ip_rule.go:120.3,121.16 2 0
github.com/tacheshun/waffle/pkg/rules/ip_rule.go:121.16,123.4 1 0
github.com/tacheshun/waffle/pkg/rules/ip_rule.go:126.2,126.12 1 0
github.com/tacheshun/waffle/pkg/rules/regex_rule.go:19.83,21.16 2 100
github.com/tacheshun/waffle/pkg/rules/regex_rule.go:21.16,24.3 1 0
github.com/tacheshun/waffle/pkg/rules/regex_rule.go:26.2,32.3 1 100
github.com/tacheshun/waffle/pkg/rules/regex_rule.go:36.67,37.16 1 12
github.com/tacheshun/waffle/pkg/rules/regex_rule.go:37.16,39.3 1 1
github.com/tacheshun/waffle/pkg/rules/regex_rule.go:41.2,44.18 2 11
github.com/tacheshun/waffle/pkg/rules/regex_rule.go:45.18,46.25 1 7
github.com/tacheshun/waffle/pkg/rules/regex_rule.go:48.18,51.22 1 2
github.com/tacheshun/waffle/pkg/rules/regex_rule.go:51.22,54.18 3 2
github.com/tacheshun/waffle/pkg/rules/regex_rule.go:54.18,56.5 1 0
github.com/tacheshun/waffle/pkg/rules/regex_rule.go:57.4,57.31 1 2
github.com/tacheshun/waffle/pkg/rules/regex_rule.go:60.20,62.40 1 2
github.com/tacheshun/waffle/pkg/rules/regex_rule.go:62.40,63.33 1 2
github.com/tacheshun/waffle/pkg/rules/regex_rule.go:63.33,65.5 1 2
github.com/tacheshun/waffle/pkg/rules/regex_rule.go:70.2,70.36 1 11
github.com/tacheshun/waffle/pkg/rules/regex_rule.go:70.36,75.3 1 5
github.com/tacheshun/waffle/pkg/rules/regex_rule.go:77.2,77.19 1 6
github.com/tacheshun/waffle/pkg/rules/regex_rule.go:81.35,83.2 1 84
github.com/tacheshun/waffle/pkg/rules/regex_rule.go:86.46,88.2 1 7
github.com/tacheshun/waffle/pkg/rules/regex_rule.go:91.38,93.2 1 42
github.com/tacheshun/waffle/pkg/rules/regex_rule.go:96.30,98.2 1 0
github.com/tacheshun/waffle/pkg/rules/regex_rule.go:101.31,103.2 1 0
github.com/tacheshun/waffle/pkg/rules/rule.go:52.66,53.22 1 0
github.com/tacheshun/waffle/pkg/rules/rule.go:53.22,55.3 1 0
github.com/tacheshun/waffle/pkg/rules/rule.go:56.2,56.23 1 0
github.com/tacheshun/waffle/pkg/rules/rule.go:60.37,62.2 1 0
github.com/tacheshun/waffle/pkg/rules/rule.go:65.29,67.2 1 0
github.com/tacheshun/waffle/pkg/rules/rule.go:70.30,72.2 1 0
github.com/tacheshun/waffle/pkg/rules/rule.go:75.34,77.2 1 0
github.com/tacheshun/waffle/pkg/rules/rule.go:80.87,86.2 1 0
github.com/tacheshun/waffle/pkg/rules/rule_group.go:16.52,23.2 1 5
github.com/tacheshun/waffle/pkg/rules/rule_group.go:26.40,28.2 1 9
github.com/tacheshun/waffle/pkg/rules/rule_group.go:31.48,32.40 1 0
github.com/tacheshun/waffle/pkg/rules/rule_group.go:32.40,34.3 1 0
github.com/tacheshun/waffle/pkg/rules/rule_group.go:37.2,39.13 3 0
github.com/tacheshun/waffle/pkg/rules/rule_group.go:43.67,44.16 1 4
github.com/tacheshun/waffle/pkg/rules/rule_group.go:44.16,46.3 1 1
github.com/tacheshun/waffle/pkg/rules/rule_group.go:49.2,49.31 1 3
github.com/tacheshun/waffle/pkg/rules/rule_group.go:49.31,51.12 2 5
github.com/tacheshun/waffle/pkg/rules/rule_group.go:51.12,53.4 1 2
github.com/tacheshun/waffle/pkg/rules/rule_group.go:56.2,56.19 1 1
github.com/tacheshun/waffle/pkg/rules/rule_group.go:60.35,62.2 1 1
github.com/tacheshun/waffle/pkg/rules/rule_group.go:65.46,67.2 1 4
github.com/tacheshun/waffle/pkg/rules/rule_group.go:70.38,72.2 1 1
github.com/tacheshun/waffle/pkg/rules/rule_group.go:75.30,77.2 1 0
github.com/tacheshun/waffle/pkg/rules/rule_group.go:80.31,82.2 1 0
github.com/tacheshun/waffle/pkg/rules/ruleset.go:15.28,19.2 1 0
github.com/tacheshun/waffle/pkg/rules/ruleset.go:22.39,26.2 3 0
github.com/tacheshun/waffle/pkg/rules/ruleset.go:29.44,33.32 3 0
github.com/tacheshun/waffle/pkg/rules/ruleset.go:33.32,34.26 1 0
github.com/tacheshun/waffle/pkg/rules/ruleset.go:34.26,39.4 3 0
github.com/tacheshun/waffle/pkg/rules/ruleset.go:44.46,48.32 3 0
github.com/tacheshun/waffle/pkg/rules/ruleset.go:48.32,49.26 1 0
github.com/tacheshun/waffle/pkg/rules/ruleset.go:49.26,51.4 1 0
github.com/tacheshun/waffle/pkg/rules/ruleset.go:53.2,53.12 1 0
github.com/tacheshun/waffle/pkg/rules/ruleset.go:57.44,61.32 3 0
github.com/tacheshun/waffle/pkg/rules/ruleset.go:61.32,62.26 1 0
github.com/tacheshun/waffle/pkg/rules/ruleset.go:62.26,65.4 2 0
github.com/tacheshun/waffle/pkg/rules/ruleset.go:70.45,74.32 3 0
github.com/tacheshun/waffle/pkg/rules/ruleset.go:74.32,75.26 1 0
github.com/tacheshun/waffle/pkg/rules/ruleset.go:75.26,78.4 2 0
github.com/tacheshun/waffle/pkg/rules/ruleset.go:83.64,87.32 3 0
github.com/tacheshun/waffle/pkg/rules/ruleset.go:87.32,88.23 1 0
github.com/tacheshun/waffle/pkg/rules/ruleset.go:88.23,89.45 1 0
github.com/tacheshun/waffle/pkg/rules/ruleset.go:89.45,91.5 1 0
github.com/tacheshun/waffle/pkg/rules/ruleset.go:95.2,95.19 1 0
github.com/tacheshun/waffle/pkg/rules/ruleset.go:99.35,108.2 5 0
github.com/tacheshun/waffle/pkg/rules/ruleset.go:111.32,116.2 3 0
github.com/tacheshun/waffle/pkg/rules/string_reader.go:14.58,15.31 1 4
github.com/tacheshun/waffle/pkg/rules/string_reader.go:15.31,17.3 1 2
github.com/tacheshun/waffle/pkg/rules/string_reader.go:19.2,21.15 3 2
github.com/tacheshun/waffle/pkg/rules/string_reader.go:25.38,27.2 1 2
github.com/tacheshun/waffle/pkg/limiter/limiter.go:44.118,45.20 1 0
github.com/tacheshun/waffle/pkg/limiter/limiter.go:45.20,47.42 1 0
github.com/tacheshun/waffle/pkg/limiter/limiter.go:47.42,49.4 1 0
github.com/tacheshun/waffle/pkg/limiter/limiter.go:52.2,57.3 1 0
github.com/tacheshun/waffle/pkg/limiter/limiter.go:61.65,71.49 6 0
github.com/tacheshun/waffle/pkg/limiter/limiter.go:71.49,78.3 2 0
github.com/tacheshun/waffle/pkg/limiter/limiter.go:81.2,84.30 2 0
github.com/tacheshun/waffle/pkg/limiter/limiter.go:84.30,87.19 2 0
github.com/tacheshun/waffle/pkg/limiter/limiter.go:87.19,89.4 1 0
github.com/tacheshun/waffle/pkg/limiter/limiter.go:90.3,90.24 1 0
github.com/tacheshun/waffle/pkg/limiter/limiter.go:93.2,93.17 1 0
github.com/tacheshun/waffle/pkg/limiter/limiter.go:97.53,104.2 4 0
github.com/tacheshun/waffle/pkg/limiter/limiter.go:107.75,108.87 1 0
github.com/tacheshun/waffle/pkg/limiter/limiter.go:108.87,110.3 1 0
github.com/tacheshun/waffle/pkg/limiter/limiter.go:114.77,115.87 1 0
github.com/tacheshun/waffle/pkg/limiter/limiter.go:115.87,117.3 1 0
github.com/tacheshun/waffle/pkg/limiter/limiter.go:121.82,122.87 1 0
github.com/tacheshun/waffle/pkg/limiter/limiter.go:122.87,124.3 1 0
github.com/tacheshun/waffle/pkg/limiter/token_bucket.go:27.73,35.2 1 10
github.com/tacheshun/waffle/pkg/limiter/token_bucket.go:38.57,40.2 1 3
github.com/tacheshun/waffle/pkg/limiter/token_bucket.go:45.65,56.13 6 44
github.com/tacheshun/waffle/pkg/limiter/token_bucket.go:56.13,63.3 2 7
github.com/tacheshun/waffle/pkg/limiter/token_bucket.go:63.8,68.3 3 37
github.com/tacheshun/waffle/pkg/limiter/token_bucket.go:71.2,71.21 1 44
github.com/tacheshun/waffle/pkg/limiter/token_bucket.go:71.21,74.3 2 30
github.com/tacheshun/waffle/pkg/limiter/token_bucket.go:77.2,78.18 2 14
github.com/tacheshun/waffle/pkg/limiter/token_bucket.go:78.18,80.3 1 14
github.com/tacheshun/waffle/pkg/limiter/token_bucket.go:82.2,82.23 1 14
github.com/tacheshun/waffle/pkg/limiter/token_bucket.go:86.64,88.24 1 48
github.com/tacheshun/waffle/pkg/limiter/token_bucket.go:88.24,89.56 1 3
github.com/tacheshun/waffle/pkg/limiter/token_bucket.go:89.56,91.51 1 2
github.com/tacheshun/waffle/pkg/limiter/token_bucket.go:91.51,93.5 1 1
github.com/tacheshun/waffle/pkg/limiter/token_bucket.go:94.4,94.33 1 1
github.com/tacheshun/waffle/pkg/limiter/token_bucket.go:99.2,99.24 1 46
github.com/tacheshun/waffle/pkg/limiter/token_bucket.go:99.24,101.63 1 46
github.com/tacheshun/waffle/pkg/limiter/token_bucket.go:101.63,103.4 1 46
github.com/tacheshun/waffle/pkg/limiter/token_bucket.go:104.3,104.22 1 0
github.com/tacheshun/waffle/pkg/limiter/token_bucket.go:108.2,108.18 1 0
github.com/tacheshun/waffle/pkg/limiter/token_bucket.go:112.32,113.11 1 37
github.com/tacheshun/waffle/pkg/limiter/token_bucket.go:113.11,115.3 1 0
github.com/tacheshun/waffle/pkg/limiter/token_bucket.go:116.2,116.10 1 37
github.com/tacheshun/waffle/pkg/waffle/middleware.go:12.61,13.72 1 13
github.com/tacheshun/waffle/pkg/waffle/middleware.go:13.72,17.14 2 13
github.com/tacheshun/waffle/pkg/waffle/middleware.go:17.14,19.37 1 9
github.com/tacheshun/waffle/pkg/waffle/middleware.go:19.37,22.5 1 1
github.com/tacheshun/waffle/pkg/waffle/middleware.go:22.10,26.19 3 8
github.com/tacheshun/waffle/pkg/waffle/middleware.go:26.19,29.6 1 0
github.com/tacheshun/waffle/pkg/waffle/middleware.go:32.5,32.55 1 8
github.com/tacheshun/waffle/pkg/waffle/middleware.go:32.55,34.6 1 2
github.com/tacheshun/waffle/pkg/waffle/middleware.go:36.4,36.10 1 9
github.com/tacheshun/waffle/pkg/waffle/middleware.go:40.3,40.24 1 4
github.com/tacheshun/waffle/pkg/waffle/middleware.go:45.70,46.55 1 4
github.com/tacheshun/waffle/pkg/waffle/middleware.go:46.55,50.14 2 4
github.com/tacheshun/waffle/pkg/waffle/middleware.go:50.14,52.37 1 3
github.com/tacheshun/waffle/pkg/waffle/middleware.go:52.37,55.5 1 1
github.com/tacheshun/waffle/pkg/waffle/middleware.go:55.10,59.19 3 2
github.com/tacheshun/waffle/pkg/waffle/middleware.go:59.19,62.6 1 0
github.com/tacheshun/waffle/pkg/waffle/middleware.go:65.5,65.55 1 2
github.com/tacheshun/waffle/pkg/waffle/middleware.go:65.55,67.6 1 1
github.com/tacheshun/waffle/pkg/waffle/middleware.go:69.4,69.10 1 3
github.com/tacheshun/waffle/pkg/waffle/middleware.go:73.3,73.14 1 1
github.com/tacheshun/waffle/pkg/waffle/middleware.go:78.50,79.30 1 4
github.com/tacheshun/waffle/pkg/waffle/middleware.go:79.30,83.14 2 4
github.com/tacheshun/waffle/pkg/waffle/middleware.go:83.14,85.37 1 3
github.com/tacheshun/waffle/pkg/waffle/middleware.go:85.37,89.5 2 1
github.com/tacheshun/waffle/pkg/waffle/middleware.go:89.10,95.55 3 2
github.com/tacheshun/waffle/pkg/waffle/middleware.go:95.55,97.6 1 1
github.com/tacheshun/waffle/pkg/waffle/middleware.go:99.4,99.10 1 3
github.com/tacheshun/waffle/pkg/waffle/middleware.go:103.3,103.11 1 1
github.com/tacheshun/waffle/pkg/waffle/middleware.go:108.55,109.54 1 4
github.com/tacheshun/waffle/pkg/waffle/middleware.go:109.54,110.37 1 4
github.com/tacheshun/waffle/pkg/waffle/middleware.go:110.37,114.15 2 4
github.com/tacheshun/waffle/pkg/waffle/middleware.go:114.15,116.38 1 3
github.com/tacheshun/waffle/pkg/waffle/middleware.go:116.38,120.6 2 1
github.com/tacheshun/waffle/pkg/waffle/middleware.go:123.5,123.55 1 2
github.com/tacheshun/waffle/pkg/waffle/middleware.go:123.55,126.6 1 1
github.com/tacheshun/waffle/pkg/waffle/middleware.go:128.5,128.72 1 2
github.com/tacheshun/waffle/pkg/waffle/middleware.go:132.4,132.18 1 1
github.com/tacheshun/waffle/pkg/waffle/options.go:19.32,26.2 1 38
github.com/tacheshun/waffle/pkg/waffle/options.go:29.40,30.26 1 17
github.com/tacheshun/waffle/pkg/waffle/options.go:30.26,32.3 1 17
github.com/tacheshun/waffle/pkg/waffle/options.go:36.50,37.26 1 8
github.com/tacheshun/waffle/pkg/waffle/options.go:37.26,39.3 1 8
github.com/tacheshun/waffle/pkg/waffle/options.go:43.39,44.26 1 2
github.com/tacheshun/waffle/pkg/waffle/options.go:44.26,46.3 1 2
github.com/tacheshun/waffle/pkg/waffle/options.go:50.58,51.26 1 5
github.com/tacheshun/waffle/pkg/waffle/options.go:51.26,53.3 1 5
github.com/tacheshun/waffle/pkg/waffle/options.go:59.73,63.2 1 15
github.com/tacheshun/waffle/pkg/waffle/options.go:65.53,68.2 1 1
github.com/tacheshun/waffle/pkg/waffle/options.go:70.45,73.2 1 1
github.com/tacheshun/waffle/pkg/waffle/waffle.go:18.34,20.27 2 32
github.com/tacheshun/waffle/pkg/waffle/waffle.go:20.27,22.3 1 27
github.com/tacheshun/waffle/pkg/waffle/waffle.go:24.2,32.29 2 32
github.com/tacheshun/waffle/pkg/waffle/waffle.go:32.29,34.3 1 17
github.com/tacheshun/waffle/pkg/waffle/waffle.go:36.2,36.10 1 32
github.com/tacheshun/waffle/pkg/waffle/waffle.go:40.37,48.2 5 17
github.com/tacheshun/waffle/pkg/waffle/waffle.go:51.37,55.2 3 103
github.com/tacheshun/waffle/pkg/waffle/waffle.go:58.64,63.22 3 29
github.com/tacheshun/waffle/pkg/waffle/waffle.go:63.22,64.53 1 6
github.com/tacheshun/waffle/pkg/waffle/waffle.go:64.53,70.4 1 6
github.com/tacheshun/waffle/pkg/waffle/waffle.go:74.2,74.31 1 23
github.com/tacheshun/waffle/pkg/waffle/waffle.go:74.31,75.23 1 77
github.com/tacheshun/waffle/pkg/waffle/waffle.go:75.23,76.45 1 75
github.com/tacheshun/waffle/pkg/waffle/waffle.go:76.45,79.5 2 14
github.com/tacheshun/waffle/pkg/waffle/waffle.go:83.2,83.19 1 9
github.com/tacheshun/waffle/pkg/waffle/waffle.go:117.25,121.55 1 18
github.com/tacheshun/waffle/pkg/waffle/waffle.go:121.55,124.4 1 13
github.com/tacheshun/waffle/pkg/waffle/waffle.go:128.24,132.55 1 18
github.com/tacheshun/waffle/pkg/waffle/waffle.go:132.55,135.4 1 13
github.com/tacheshun/waffle/pkg/waffle/waffle.go:139.37,143.55 1 18
github.com/tacheshun/waffle/pkg/waffle/waffle.go:143.55,146.4 1 13
github.com/tacheshun/waffle/pkg/waffle/waffle.go:150.34,154.55 1 18
github.com/tacheshun/waffle/pkg/waffle/waffle.go:154.55,157.4 1 13
github.com/tacheshun/waffle/pkg/waffle/waffle.go:161.30,165.55 1 18
github.com/tacheshun/waffle/pkg/waffle/waffle.go:165.55,168.4 1 13
github.com/tacheshun/waffle/pkg/waffle/waffle.go:179.66,181.2 1 66
github.com/tacheshun/waffle/pkg/waffle/waffle.go:183.37,185.2 1 68
github.com/tacheshun/waffle/pkg/waffle/waffle.go:187.29,189.2 1 1
github.com/tacheshun/waffle/pkg/waffle/waffle.go:191.30,193.2 1 1
