mode: set
github.com/tacheshun/waffle/pkg/waffle/middleware.go:12.61,13.72 1 1
github.com/tacheshun/waffle/pkg/waffle/middleware.go:13.72,17.14 2 1
github.com/tacheshun/waffle/pkg/waffle/middleware.go:17.14,19.37 1 1
github.com/tacheshun/waffle/pkg/waffle/middleware.go:19.37,22.5 1 1
github.com/tacheshun/waffle/pkg/waffle/middleware.go:22.10,28.55 3 1
github.com/tacheshun/waffle/pkg/waffle/middleware.go:28.55,30.6 1 1
github.com/tacheshun/waffle/pkg/waffle/middleware.go:32.4,32.10 1 1
github.com/tacheshun/waffle/pkg/waffle/middleware.go:36.3,36.24 1 1
github.com/tacheshun/waffle/pkg/waffle/middleware.go:41.70,42.55 1 1
github.com/tacheshun/waffle/pkg/waffle/middleware.go:42.55,46.14 2 1
github.com/tacheshun/waffle/pkg/waffle/middleware.go:46.14,48.37 1 1
github.com/tacheshun/waffle/pkg/waffle/middleware.go:48.37,51.5 1 1
github.com/tacheshun/waffle/pkg/waffle/middleware.go:51.10,57.55 3 1
github.com/tacheshun/waffle/pkg/waffle/middleware.go:57.55,59.6 1 1
github.com/tacheshun/waffle/pkg/waffle/middleware.go:61.4,61.10 1 1
github.com/tacheshun/waffle/pkg/waffle/middleware.go:65.3,65.14 1 1
github.com/tacheshun/waffle/pkg/waffle/middleware.go:70.50,71.30 1 1
github.com/tacheshun/waffle/pkg/waffle/middleware.go:71.30,75.14 2 1
github.com/tacheshun/waffle/pkg/waffle/middleware.go:75.14,77.37 1 1
github.com/tacheshun/waffle/pkg/waffle/middleware.go:77.37,81.5 2 1
github.com/tacheshun/waffle/pkg/waffle/middleware.go:81.10,87.55 3 1
github.com/tacheshun/waffle/pkg/waffle/middleware.go:87.55,89.6 1 1
github.com/tacheshun/waffle/pkg/waffle/middleware.go:91.4,91.10 1 1
github.com/tacheshun/waffle/pkg/waffle/middleware.go:95.3,95.11 1 1
github.com/tacheshun/waffle/pkg/waffle/middleware.go:100.55,101.54 1 1
github.com/tacheshun/waffle/pkg/waffle/middleware.go:101.54,102.37 1 1
github.com/tacheshun/waffle/pkg/waffle/middleware.go:102.37,106.15 2 1
github.com/tacheshun/waffle/pkg/waffle/middleware.go:106.15,108.38 1 1
github.com/tacheshun/waffle/pkg/waffle/middleware.go:108.38,112.6 2 1
github.com/tacheshun/waffle/pkg/waffle/middleware.go:115.5,115.55 1 1
github.com/tacheshun/waffle/pkg/waffle/middleware.go:115.55,118.6 1 1
github.com/tacheshun/waffle/pkg/waffle/middleware.go:120.5,120.72 1 1
github.com/tacheshun/waffle/pkg/waffle/middleware.go:124.4,124.18 1 1
github.com/tacheshun/waffle/pkg/waffle/options.go:19.32,26.2 1 1
github.com/tacheshun/waffle/pkg/waffle/options.go:29.40,30.26 1 1
github.com/tacheshun/waffle/pkg/waffle/options.go:30.26,32.3 1 1
github.com/tacheshun/waffle/pkg/waffle/options.go:36.50,37.26 1 1
github.com/tacheshun/waffle/pkg/waffle/options.go:37.26,39.3 1 1
github.com/tacheshun/waffle/pkg/waffle/options.go:43.39,44.26 1 1
github.com/tacheshun/waffle/pkg/waffle/options.go:44.26,46.3 1 1
github.com/tacheshun/waffle/pkg/waffle/options.go:50.58,51.26 1 1
github.com/tacheshun/waffle/pkg/waffle/options.go:51.26,53.3 1 1
github.com/tacheshun/waffle/pkg/waffle/options.go:59.73,63.2 1 1
github.com/tacheshun/waffle/pkg/waffle/options.go:65.53,68.2 1 1
github.com/tacheshun/waffle/pkg/waffle/options.go:70.45,73.2 1 1
github.com/tacheshun/waffle/pkg/waffle/waffle.go:18.34,20.27 2 1
github.com/tacheshun/waffle/pkg/waffle/waffle.go:20.27,22.3 1 1
github.com/tacheshun/waffle/pkg/waffle/waffle.go:24.2,32.29 2 1
github.com/tacheshun/waffle/pkg/waffle/waffle.go:32.29,34.3 1 1
github.com/tacheshun/waffle/pkg/waffle/waffle.go:36.2,36.10 1 1
github.com/tacheshun/waffle/pkg/waffle/waffle.go:40.37,48.2 5 1
github.com/tacheshun/waffle/pkg/waffle/waffle.go:51.37,55.2 3 1
github.com/tacheshun/waffle/pkg/waffle/waffle.go:58.64,63.22 3 1
github.com/tacheshun/waffle/pkg/waffle/waffle.go:63.22,64.53 1 1
github.com/tacheshun/waffle/pkg/waffle/waffle.go:64.53,70.4 1 1
github.com/tacheshun/waffle/pkg/waffle/waffle.go:74.2,74.31 1 1
github.com/tacheshun/waffle/pkg/waffle/waffle.go:74.31,75.23 1 1
github.com/tacheshun/waffle/pkg/waffle/waffle.go:75.23,76.45 1 1
github.com/tacheshun/waffle/pkg/waffle/waffle.go:76.45,79.5 2 1
github.com/tacheshun/waffle/pkg/waffle/waffle.go:83.2,83.19 1 1
github.com/tacheshun/waffle/pkg/waffle/waffle.go:117.25,121.55 1 1
github.com/tacheshun/waffle/pkg/waffle/waffle.go:121.55,124.4 1 1
github.com/tacheshun/waffle/pkg/waffle/waffle.go:128.24,132.55 1 1
github.com/tacheshun/waffle/pkg/waffle/waffle.go:132.55,135.4 1 1
github.com/tacheshun/waffle/pkg/waffle/waffle.go:139.37,143.55 1 1
github.com/tacheshun/waffle/pkg/waffle/waffle.go:143.55,146.4 1 1
github.com/tacheshun/waffle/pkg/waffle/waffle.go:150.34,154.55 1 1
github.com/tacheshun/waffle/pkg/waffle/waffle.go:154.55,157.4 1 1
github.com/tacheshun/waffle/pkg/waffle/waffle.go:161.30,165.55 1 1
github.com/tacheshun/waffle/pkg/waffle/waffle.go:165.55,168.4 1 1
github.com/tacheshun/waffle/pkg/waffle/waffle.go:179.66,181.2 1 1
github.com/tacheshun/waffle/pkg/waffle/waffle.go:183.37,185.2 1 1
github.com/tacheshun/waffle/pkg/waffle/waffle.go:187.29,189.2 1 1
github.com/tacheshun/waffle/pkg/waffle/waffle.go:191.30,193.2 1 1
