mode: set
github.com/tacheshun/waffle/pkg/detectors/cmdi.go:16.62,22.2 2 1
github.com/tacheshun/waffle/pkg/detectors/cmdi.go:25.80,26.16 1 1
github.com/tacheshun/waffle/pkg/detectors/cmdi.go:26.16,28.3 1 1
github.com/tacheshun/waffle/pkg/detectors/cmdi.go:31.2,34.31 2 1
github.com/tacheshun/waffle/pkg/detectors/cmdi.go:34.31,39.3 1 0
github.com/tacheshun/waffle/pkg/detectors/cmdi.go:42.2,42.41 1 1
github.com/tacheshun/waffle/pkg/detectors/cmdi.go:42.41,43.32 1 1
github.com/tacheshun/waffle/pkg/detectors/cmdi.go:43.32,44.28 1 1
github.com/tacheshun/waffle/pkg/detectors/cmdi.go:44.28,49.5 1 1
github.com/tacheshun/waffle/pkg/detectors/cmdi.go:54.2,54.34 1 1
github.com/tacheshun/waffle/pkg/detectors/cmdi.go:54.34,55.32 1 1
github.com/tacheshun/waffle/pkg/detectors/cmdi.go:55.32,56.28 1 1
github.com/tacheshun/waffle/pkg/detectors/cmdi.go:56.28,61.5 1 1
github.com/tacheshun/waffle/pkg/detectors/cmdi.go:66.2,73.40 2 1
github.com/tacheshun/waffle/pkg/detectors/cmdi.go:73.40,75.42 2 1
github.com/tacheshun/waffle/pkg/detectors/cmdi.go:75.42,80.4 1 0
github.com/tacheshun/waffle/pkg/detectors/cmdi.go:83.2,83.19 1 1
github.com/tacheshun/waffle/pkg/detectors/cmdi.go:87.53,89.2 1 1
github.com/tacheshun/waffle/pkg/detectors/cmdi.go:92.45,94.2 1 1
github.com/tacheshun/waffle/pkg/detectors/cmdi.go:97.46,99.2 1 1
github.com/tacheshun/waffle/pkg/detectors/cmdi.go:102.63,107.37 2 1
github.com/tacheshun/waffle/pkg/detectors/cmdi.go:107.37,108.29 1 1
github.com/tacheshun/waffle/pkg/detectors/cmdi.go:108.29,110.4 1 1
github.com/tacheshun/waffle/pkg/detectors/cmdi.go:113.2,113.14 1 1
github.com/tacheshun/waffle/pkg/detectors/cmdi.go:117.57,159.35 3 1
github.com/tacheshun/waffle/pkg/detectors/cmdi.go:159.35,161.17 2 1
github.com/tacheshun/waffle/pkg/detectors/cmdi.go:161.17,163.4 1 1
github.com/tacheshun/waffle/pkg/detectors/cmdi.go:166.2,166.17 1 1
github.com/tacheshun/waffle/pkg/detectors/sqli.go:16.38,22.2 2 1
github.com/tacheshun/waffle/pkg/detectors/sqli.go:25.68,26.16 1 1
github.com/tacheshun/waffle/pkg/detectors/sqli.go:26.16,28.3 1 1
github.com/tacheshun/waffle/pkg/detectors/sqli.go:31.2,34.31 2 1
github.com/tacheshun/waffle/pkg/detectors/sqli.go:34.31,39.3 1 0
github.com/tacheshun/waffle/pkg/detectors/sqli.go:42.2,42.41 1 1
github.com/tacheshun/waffle/pkg/detectors/sqli.go:42.41,43.32 1 1
github.com/tacheshun/waffle/pkg/detectors/sqli.go:43.32,44.28 1 1
github.com/tacheshun/waffle/pkg/detectors/sqli.go:44.28,49.5 1 1
github.com/tacheshun/waffle/pkg/detectors/sqli.go:54.2,54.34 1 1
github.com/tacheshun/waffle/pkg/detectors/sqli.go:54.34,55.32 1 1
github.com/tacheshun/waffle/pkg/detectors/sqli.go:55.32,56.28 1 1
github.com/tacheshun/waffle/pkg/detectors/sqli.go:56.28,61.5 1 1
github.com/tacheshun/waffle/pkg/detectors/sqli.go:66.2,66.37 1 1
github.com/tacheshun/waffle/pkg/detectors/sqli.go:66.37,67.34 1 1
github.com/tacheshun/waffle/pkg/detectors/sqli.go:67.34,72.4 1 1
github.com/tacheshun/waffle/pkg/detectors/sqli.go:76.2,77.40 2 1
github.com/tacheshun/waffle/pkg/detectors/sqli.go:77.40,78.49 1 1
github.com/tacheshun/waffle/pkg/detectors/sqli.go:78.49,79.28 1 1
github.com/tacheshun/waffle/pkg/detectors/sqli.go:79.28,84.5 1 1
github.com/tacheshun/waffle/pkg/detectors/sqli.go:88.2,88.19 1 1
github.com/tacheshun/waffle/pkg/detectors/sqli.go:92.41,94.2 1 1
github.com/tacheshun/waffle/pkg/detectors/sqli.go:97.33,99.2 1 1
github.com/tacheshun/waffle/pkg/detectors/sqli.go:102.34,104.2 1 1
github.com/tacheshun/waffle/pkg/detectors/sqli.go:107.51,112.37 2 1
github.com/tacheshun/waffle/pkg/detectors/sqli.go:112.37,113.29 1 1
github.com/tacheshun/waffle/pkg/detectors/sqli.go:113.29,115.4 1 1
github.com/tacheshun/waffle/pkg/detectors/sqli.go:118.2,118.14 1 1
github.com/tacheshun/waffle/pkg/detectors/sqli.go:122.45,139.35 3 1
github.com/tacheshun/waffle/pkg/detectors/sqli.go:139.35,141.17 2 1
github.com/tacheshun/waffle/pkg/detectors/sqli.go:141.17,143.4 1 1
github.com/tacheshun/waffle/pkg/detectors/sqli.go:146.2,146.17 1 1
github.com/tacheshun/waffle/pkg/detectors/traversal.go:16.56,22.2 2 1
github.com/tacheshun/waffle/pkg/detectors/traversal.go:25.77,26.16 1 1
github.com/tacheshun/waffle/pkg/detectors/traversal.go:26.16,28.3 1 1
github.com/tacheshun/waffle/pkg/detectors/traversal.go:31.2,31.31 1 1
github.com/tacheshun/waffle/pkg/detectors/traversal.go:31.31,36.3 1 1
github.com/tacheshun/waffle/pkg/detectors/traversal.go:39.2,42.41 2 1
github.com/tacheshun/waffle/pkg/detectors/traversal.go:42.41,43.32 1 1
github.com/tacheshun/waffle/pkg/detectors/traversal.go:43.32,44.28 1 1
github.com/tacheshun/waffle/pkg/detectors/traversal.go:44.28,49.5 1 1
github.com/tacheshun/waffle/pkg/detectors/traversal.go:54.2,54.34 1 1
github.com/tacheshun/waffle/pkg/detectors/traversal.go:54.34,55.32 1 1
github.com/tacheshun/waffle/pkg/detectors/traversal.go:55.32,56.28 1 1
github.com/tacheshun/waffle/pkg/detectors/traversal.go:56.28,61.5 1 0
github.com/tacheshun/waffle/pkg/detectors/traversal.go:66.2,72.40 2 1
github.com/tacheshun/waffle/pkg/detectors/traversal.go:72.40,74.42 2 1
github.com/tacheshun/waffle/pkg/detectors/traversal.go:74.42,79.4 1 0
github.com/tacheshun/waffle/pkg/detectors/traversal.go:82.2,82.19 1 1
github.com/tacheshun/waffle/pkg/detectors/traversal.go:86.50,88.2 1 1
github.com/tacheshun/waffle/pkg/detectors/traversal.go:91.42,93.2 1 1
github.com/tacheshun/waffle/pkg/detectors/traversal.go:96.43,98.2 1 1
github.com/tacheshun/waffle/pkg/detectors/traversal.go:101.60,107.37 2 1
github.com/tacheshun/waffle/pkg/detectors/traversal.go:107.37,108.39 1 1
github.com/tacheshun/waffle/pkg/detectors/traversal.go:108.39,110.4 1 1
github.com/tacheshun/waffle/pkg/detectors/traversal.go:113.2,113.14 1 1
github.com/tacheshun/waffle/pkg/detectors/traversal.go:117.54,165.35 3 1
github.com/tacheshun/waffle/pkg/detectors/traversal.go:165.35,167.17 2 1
github.com/tacheshun/waffle/pkg/detectors/traversal.go:167.17,169.4 1 1
github.com/tacheshun/waffle/pkg/detectors/traversal.go:172.2,172.17 1 1
github.com/tacheshun/waffle/pkg/detectors/useragent.go:16.48,22.2 2 1
github.com/tacheshun/waffle/pkg/detectors/useragent.go:25.73,26.16 1 1
github.com/tacheshun/waffle/pkg/detectors/useragent.go:26.16,28.3 1 1
github.com/tacheshun/waffle/pkg/detectors/useragent.go:31.2,32.21 2 1
github.com/tacheshun/waffle/pkg/detectors/useragent.go:32.21,33.31 1 1
github.com/tacheshun/waffle/pkg/detectors/useragent.go:33.31,38.4 1 1
github.com/tacheshun/waffle/pkg/detectors/useragent.go:41.2,41.19 1 1
github.com/tacheshun/waffle/pkg/detectors/useragent.go:45.46,47.2 1 1
github.com/tacheshun/waffle/pkg/detectors/useragent.go:50.38,52.2 1 1
github.com/tacheshun/waffle/pkg/detectors/useragent.go:55.39,57.2 1 1
github.com/tacheshun/waffle/pkg/detectors/useragent.go:60.56,65.37 2 1
github.com/tacheshun/waffle/pkg/detectors/useragent.go:65.37,66.29 1 1
github.com/tacheshun/waffle/pkg/detectors/useragent.go:66.29,68.4 1 1
github.com/tacheshun/waffle/pkg/detectors/useragent.go:71.2,71.14 1 1
github.com/tacheshun/waffle/pkg/detectors/useragent.go:75.50,108.35 3 1
github.com/tacheshun/waffle/pkg/detectors/useragent.go:108.35,110.17 2 1
github.com/tacheshun/waffle/pkg/detectors/useragent.go:110.17,112.4 1 1
github.com/tacheshun/waffle/pkg/detectors/useragent.go:115.2,115.17 1 1
github.com/tacheshun/waffle/pkg/detectors/xss.go:16.36,22.2 2 1
github.com/tacheshun/waffle/pkg/detectors/xss.go:25.67,26.16 1 1
github.com/tacheshun/waffle/pkg/detectors/xss.go:26.16,28.3 1 1
github.com/tacheshun/waffle/pkg/detectors/xss.go:31.2,34.31 2 1
github.com/tacheshun/waffle/pkg/detectors/xss.go:34.31,39.3 1 0
github.com/tacheshun/waffle/pkg/detectors/xss.go:42.2,42.41 1 1
github.com/tacheshun/waffle/pkg/detectors/xss.go:42.41,43.32 1 1
github.com/tacheshun/waffle/pkg/detectors/xss.go:43.32,44.28 1 1
github.com/tacheshun/waffle/pkg/detectors/xss.go:44.28,49.5 1 1
github.com/tacheshun/waffle/pkg/detectors/xss.go:54.2,54.34 1 1
github.com/tacheshun/waffle/pkg/detectors/xss.go:54.34,55.32 1 1
github.com/tacheshun/waffle/pkg/detectors/xss.go:55.32,56.28 1 1
github.com/tacheshun/waffle/pkg/detectors/xss.go:56.28,61.5 1 1
github.com/tacheshun/waffle/pkg/detectors/xss.go:66.2,73.40 2 1
github.com/tacheshun/waffle/pkg/detectors/xss.go:73.40,75.42 2 1
github.com/tacheshun/waffle/pkg/detectors/xss.go:75.42,80.4 1 0
github.com/tacheshun/waffle/pkg/detectors/xss.go:83.2,83.19 1 1
github.com/tacheshun/waffle/pkg/detectors/xss.go:87.40,89.2 1 1
github.com/tacheshun/waffle/pkg/detectors/xss.go:92.32,94.2 1 1
github.com/tacheshun/waffle/pkg/detectors/xss.go:97.33,99.2 1 1
github.com/tacheshun/waffle/pkg/detectors/xss.go:102.50,107.37 2 1
github.com/tacheshun/waffle/pkg/detectors/xss.go:107.37,108.29 1 1
github.com/tacheshun/waffle/pkg/detectors/xss.go:108.29,110.4 1 1
github.com/tacheshun/waffle/pkg/detectors/xss.go:113.2,113.14 1 1
github.com/tacheshun/waffle/pkg/detectors/xss.go:117.44,166.35 3 1
github.com/tacheshun/waffle/pkg/detectors/xss.go:166.35,168.17 2 1
github.com/tacheshun/waffle/pkg/detectors/xss.go:168.17,170.4 1 1
github.com/tacheshun/waffle/pkg/detectors/xss.go:173.2,173.17 1 1
